<?xml version="1.0" encoding="UTF-8"?>
<testng-results ignored="0" total="1" passed="1" failed="0" skipped="0">
  <reporter-output>
  </reporter-output>
  <suite started-at="2023-05-09T17:55:10 IST" name="Default suite" finished-at="2023-05-09T17:55:14 IST" duration-ms="3728">
    <groups>
    </groups>
    <test started-at="2023-05-09T17:55:10 IST" name="Default test" finished-at="2023-05-09T17:55:14 IST" duration-ms="3728">
      <class name="complexProgram.PdfReader">
        <test-method is-config="true" signature="setup()[pri:0, instance:complexProgram.PdfReader@6e0f5f7f]" started-at="2023-05-09T17:55:10 IST" name="setup" finished-at="2023-05-09T17:55:13 IST" duration-ms="2797" status="PASS">
          <reporter-output>
          </reporter-output>
        </test-method> <!-- setup -->
        <test-method signature="pdfReaderTest()[pri:0, instance:complexProgram.PdfReader@6e0f5f7f]" started-at="2023-05-09T17:55:13 IST" name="pdfReaderTest" finished-at="2023-05-09T17:55:14 IST" duration-ms="620" status="PASS">
          <reporter-output>
          </reporter-output>
        </test-method> <!-- pdfReaderTest -->
        <test-method is-config="true" signature="tearDown()[pri:0, instance:complexProgram.PdfReader@6e0f5f7f]" started-at="2023-05-09T17:55:14 IST" name="tearDown" finished-at="2023-05-09T17:55:14 IST" duration-ms="253" status="PASS">
          <reporter-output>
          </reporter-output>
        </test-method> <!-- tearDown -->
      </class> <!-- complexProgram.PdfReader -->
    </test> <!-- Default test -->
  </suite> <!-- Default suite -->
</testng-results>
